{"C:\\Users\\Artemi\\Desktop\\frontend-project-46\\src\\compare.js": {"path":"C:\\Users\\Artemi\\Desktop\\frontend-project-46\\src\\compare.js","all":false,"statementMap":{"0":{"start":{"line":1,"column":0},"end":{"line":1,"column":23}},"1":{"start":{"line":2,"column":0},"end":{"line":2,"column":0}},"2":{"start":{"line":3,"column":0},"end":{"line":3,"column":52}},"3":{"start":{"line":4,"column":0},"end":{"line":4,"column":63}},"4":{"start":{"line":5,"column":0},"end":{"line":5,"column":0}},"5":{"start":{"line":6,"column":0},"end":{"line":6,"column":28}},"6":{"start":{"line":7,"column":0},"end":{"line":7,"column":29}},"7":{"start":{"line":8,"column":0},"end":{"line":8,"column":39}},"8":{"start":{"line":9,"column":0},"end":{"line":9,"column":5}},"9":{"start":{"line":10,"column":0},"end":{"line":10,"column":0}},"10":{"start":{"line":11,"column":0},"end":{"line":11,"column":29}},"11":{"start":{"line":12,"column":0},"end":{"line":12,"column":39}},"12":{"start":{"line":13,"column":0},"end":{"line":13,"column":5}},"13":{"start":{"line":14,"column":0},"end":{"line":14,"column":0}},"14":{"start":{"line":15,"column":0},"end":{"line":15,"column":45}},"15":{"start":{"line":16,"column":0},"end":{"line":16,"column":14}},"16":{"start":{"line":17,"column":0},"end":{"line":17,"column":34}},"17":{"start":{"line":18,"column":0},"end":{"line":18,"column":33}},"18":{"start":{"line":19,"column":0},"end":{"line":19,"column":19}},"19":{"start":{"line":20,"column":0},"end":{"line":20,"column":5}},"20":{"start":{"line":21,"column":0},"end":{"line":21,"column":37}},"21":{"start":{"line":22,"column":0},"end":{"line":22,"column":16}},"22":{"start":{"line":23,"column":0},"end":{"line":23,"column":2}}},"s":{"0":1,"1":1,"2":1,"3":0,"4":0,"5":0,"6":0,"7":0,"8":0,"9":0,"10":0,"11":0,"12":0,"13":0,"14":0,"15":0,"16":0,"17":0,"18":0,"19":0,"20":0,"21":0,"22":1},"branchMap":{},"b":{},"fnMap":{"0":{"name":"compareFiles","decl":{"start":{"line":3,"column":15},"end":{"line":23,"column":1}},"loc":{"start":{"line":3,"column":15},"end":{"line":23,"column":1}},"line":3}},"f":{"0":0}}
,"C:\\Users\\Artemi\\Desktop\\frontend-project-46\\src\\parser.js": {"path":"C:\\Users\\Artemi\\Desktop\\frontend-project-46\\src\\parser.js","all":false,"statementMap":{"0":{"start":{"line":1,"column":0},"end":{"line":1,"column":24}},"1":{"start":{"line":2,"column":0},"end":{"line":2,"column":20}},"2":{"start":{"line":3,"column":0},"end":{"line":3,"column":36}},"3":{"start":{"line":4,"column":0},"end":{"line":4,"column":0}},"4":{"start":{"line":5,"column":0},"end":{"line":5,"column":50}},"5":{"start":{"line":6,"column":0},"end":{"line":6,"column":43}},"6":{"start":{"line":7,"column":0},"end":{"line":7,"column":0}},"7":{"start":{"line":8,"column":0},"end":{"line":8,"column":97}},"8":{"start":{"line":9,"column":0},"end":{"line":9,"column":0}},"9":{"start":{"line":10,"column":0},"end":{"line":10,"column":89}},"10":{"start":{"line":11,"column":0},"end":{"line":11,"column":0}},"11":{"start":{"line":12,"column":0},"end":{"line":12,"column":66}}},"s":{"0":1,"1":1,"2":1,"3":1,"4":1,"5":1,"6":1,"7":1,"8":1,"9":1,"10":1,"11":1},"branchMap":{"0":{"type":"branch","line":8,"loc":{"start":{"line":8,"column":31},"end":{"line":8,"column":96}},"locations":[{"start":{"line":8,"column":31},"end":{"line":8,"column":96}}]},"1":{"type":"branch","line":10,"loc":{"start":{"line":10,"column":25},"end":{"line":10,"column":88}},"locations":[{"start":{"line":10,"column":25},"end":{"line":10,"column":88}}]}},"b":{"0":[1],"1":[1]},"fnMap":{"0":{"name":"getFixturePath","decl":{"start":{"line":8,"column":31},"end":{"line":8,"column":96}},"loc":{"start":{"line":8,"column":31},"end":{"line":8,"column":96}},"line":8},"1":{"name":"readFile","decl":{"start":{"line":10,"column":25},"end":{"line":10,"column":88}},"loc":{"start":{"line":10,"column":25},"end":{"line":10,"column":88}},"line":10},"2":{"name":"parseFile","decl":{"start":{"line":12,"column":26},"end":{"line":12,"column":65}},"loc":{"start":{"line":12,"column":26},"end":{"line":12,"column":65}},"line":12}},"f":{"0":1,"1":1,"2":0}}
}
