TN:
SF:src\compare.js
FN:3,compareFiles
FNF:1
FNH:0
FNDA:0,compareFiles
DA:1,1
DA:2,1
DA:3,1
DA:4,0
DA:5,0
DA:6,0
DA:7,0
DA:8,0
DA:9,0
DA:10,0
DA:11,0
DA:12,0
DA:13,0
DA:14,0
DA:15,0
DA:16,0
DA:17,0
DA:18,0
DA:19,0
DA:20,0
DA:21,0
DA:22,0
DA:23,1
LF:23
LH:4
BRF:0
BRH:0
end_of_record
TN:
SF:src\parser.js
FN:8,getFixturePath
FN:10,readFile
FN:12,parseFile
FNF:3
FNH:2
FNDA:1,getFixturePath
FNDA:1,readFile
FNDA:0,parseFile
DA:1,1
DA:2,1
DA:3,1
DA:4,1
DA:5,1
DA:6,1
DA:7,1
DA:8,1
DA:9,1
DA:10,1
DA:11,1
DA:12,1
LF:12
LH:12
BRDA:8,0,0,1
BRDA:10,1,0,1
BRF:2
BRH:2
end_of_record
